<?xml version="1.0" encoding="UTF-8"?>
<!-- Generated by org.testng.reporters.JUnitReportReporter -->
<testsuite hostname="LAPTOP-FSB7BTQ3" failures="0" tests="1" name="testNgpractice1.Test" time="7.161" errors="0" timestamp="2024-09-22T22:33:59 IST" skipped="0">
  <testcase classname="testNgpractice1.Test" name="test" time="7.161"/>
  <system-out/>
</testsuite> <!-- testNgpractice1.Test -->
