<?xml version="1.0" encoding="UTF-8"?>
<!-- Generated by org.testng.reporters.JUnitReportReporter -->
<testsuite hostname="LAPTOP-FSB7BTQ3" failures="0" tests="1" name="testNgpractice.demo" time="0.021" errors="0" timestamp="2024-05-01T12:01:24 IST" skipped="0">
  <testcase classname="testNgpractice.demo" name="test" time="0.021"/>
  <system-out>
    <![CDATA[saddam]]>
  </system-out>
</testsuite> <!-- testNgpractice.demo -->
