<?xml version="1.0" encoding="UTF-8"?>
<!-- Generated by org.testng.reporters.JUnitReportReporter -->
<testsuite hostname="LAPTOP-FSB7BTQ3" failures="0" tests="10" name="testNgpractice.threadpoolsize" time="260.685" errors="0" timestamp="2024-05-01T13:36:55 IST" skipped="0">
  <testcase classname="testNgpractice.threadpoolsize" name="flip" time="21.237"/>
  <system-out/>
  <testcase classname="testNgpractice.threadpoolsize" name="flip" time="24.389"/>
  <system-out/>
  <testcase classname="testNgpractice.threadpoolsize" name="flip" time="31.755"/>
  <system-out/>
  <testcase classname="testNgpractice.threadpoolsize" name="flip" time="13.169"/>
  <system-out/>
  <testcase classname="testNgpractice.threadpoolsize" name="flip" time="44.155"/>
  <system-out/>
  <testcase classname="testNgpractice.threadpoolsize" name="flip" time="31.801"/>
  <system-out/>
  <testcase classname="testNgpractice.threadpoolsize" name="flip" time="31.755"/>
  <system-out/>
  <testcase classname="testNgpractice.threadpoolsize" name="flip" time="13.733"/>
  <system-out/>
  <testcase classname="testNgpractice.threadpoolsize" name="flip" time="17.250"/>
  <system-out/>
  <testcase classname="testNgpractice.threadpoolsize" name="flip" time="31.441"/>
  <system-out/>
</testsuite> <!-- testNgpractice.threadpoolsize -->
