<?xml version="1.0" encoding="UTF-8"?>
<!-- Generated by org.testng.reporters.JUnitReportReporter -->
<testsuite hostname="LAPTOP-FSB7BTQ3" failures="0" tests="2" name="testNgpractice.enable" time="48.271" errors="0" timestamp="2024-05-03T13:03:36 IST" skipped="1">
  <testcase classname="testNgpractice.enable" name="amazon" time="48.271"/>
  <system-out/>
  <testcase classname="testNgpractice.enable" name="flip">
    <skipped/>
  </testcase> <!-- flip -->
  <system-out/>
</testsuite> <!-- testNgpractice.enable -->
