<?xml version="1.0" encoding="UTF-8"?>
<!-- Generated by org.testng.reporters.JUnitReportReporter -->
<testsuite hostname="LAPTOP-FSB7BTQ3" failures="0" tests="2" name="testNgpractice.program2" time="45.479" errors="0" timestamp="2024-05-01T12:36:09 IST" skipped="0">
  <testcase classname="testNgpractice.program2" name="flip" time="14.218"/>
  <system-out/>
  <testcase classname="testNgpractice.program2" name="amzaon" time="31.261"/>
  <system-out/>
</testsuite> <!-- testNgpractice.program2 -->
