<?xml version="1.0" encoding="UTF-8"?>
<!-- Generated by org.testng.reporters.JUnitReportReporter -->
<testsuite hostname="LAPTOP-FSB7BTQ3" failures="0" tests="1" name="PageObjectModel.testPage" time="15.564" errors="0" timestamp="2024-05-11T13:07:57 IST" skipped="0">
  <testcase classname="PageObjectModel.testPage" name="testcase" time="15.564"/>
  <system-out/>
</testsuite> <!-- PageObjectModel.testPage -->
