<?xml version="1.0" encoding="UTF-8"?>
<!-- Generated by org.testng.reporters.JUnitReportReporter -->
<testsuite hostname="LAPTOP-FSB7BTQ3" failures="0" tests="1" name="Data_Driven_test.data.excel" time="1.126" errors="0" timestamp="2024-05-09T12:21:46 IST" skipped="0">
  <testcase classname="Data_Driven_test.data.excel" name="test" time="1.126"/>
  <system-out/>
</testsuite> <!-- Data_Driven_test.data.excel -->
