<?xml version="1.0" encoding="UTF-8"?>
<!-- Generated by org.testng.reporters.JUnitReportReporter -->
<testsuite hostname="LAPTOP-FSB7BTQ3" failures="0" tests="4" name="Data_Driven_test.data.object" time="0.158" errors="0" timestamp="2024-09-24T22:44:04 IST" skipped="0">
  <testcase classname="Data_Driven_test.data.object" name="test" time="0.005"/>
  <system-out>
    <![CDATA[koushik
java]]>
  </system-out>
  <testcase classname="Data_Driven_test.data.object" name="test" time="0.031"/>
  <system-out>
    <![CDATA[yogi
sql]]>
  </system-out>
  <testcase classname="Data_Driven_test.data.object" name="test" time="0.045"/>
  <system-out>
    <![CDATA[trainer
sub]]>
  </system-out>
  <testcase classname="Data_Driven_test.data.object" name="test" time="0.077"/>
  <system-out>
    <![CDATA[123
selenium]]>
  </system-out>
</testsuite> <!-- Data_Driven_test.data.object -->
