<?xml version="1.0" encoding="UTF-8"?>
<!-- Generated by org.testng.reporters.JUnitReportReporter -->
<testsuite hostname="LAPTOP-FSB7BTQ3" failures="0" tests="1" name="assertionTestNg.Registervalidation" time="12.064" errors="0" timestamp="2024-05-06T12:45:14 IST" skipped="0">
  <testcase classname="assertionTestNg.Registervalidation" name="testcase" time="12.064"/>
  <system-out/>
</testsuite> <!-- assertionTestNg.Registervalidation -->
