<?xml version="1.0" encoding="UTF-8"?>
<!-- Generated by org.testng.reporters.JUnitReportReporter -->
<testsuite hostname="LAPTOP-FSB7BTQ3" failures="0" tests="1" name="Data_Driven_test.data.pro1" time="16.680" errors="0" timestamp="2024-05-08T12:51:06 IST" skipped="0">
  <testcase classname="Data_Driven_test.data.pro1" name="test" time="16.680"/>
  <system-out/>
</testsuite> <!-- Data_Driven_test.data.pro1 -->
