<?xml version="1.0" encoding="UTF-8"?>
<!-- Generated by org.testng.reporters.JUnitReportReporter -->
<testsuite hostname="LAPTOP-FSB7BTQ3" failures="0" tests="2" name="groupExicution.dataprovider" time="77.758" errors="0" timestamp="2024-09-23T21:53:55 IST" skipped="0">
  <testcase classname="groupExicution.dataprovider" name="testcase" time="22.821"/>
  <system-out/>
  <testcase classname="groupExicution.dataprovider" name="testcase" time="54.937"/>
  <system-out/>
</testsuite> <!-- groupExicution.dataprovider -->
