<?xml version="1.0" encoding="UTF-8"?>
<!-- Generated by org.testng.reporters.JUnitReportReporter -->
<testsuite hostname="LAPTOP-FSB7BTQ3" failures="0" tests="2" name="crossbrowser.test" time="0.011" errors="0" timestamp="2024-05-07T12:34:49 IST" skipped="0">
  <testcase classname="crossbrowser.test" name="testcase" time="0.010"/>
  <system-out>
    <![CDATA[yes]]>
  </system-out>
  <testcase classname="crossbrowser.test" name="testcase" time="0.001"/>
  <system-out>
    <![CDATA[yes]]>
  </system-out>
</testsuite> <!-- crossbrowser.test -->
