<?xml version="1.0" encoding="UTF-8"?>
<!-- Generated by org.testng.reporters.JUnitReportReporter -->
<testsuite hostname="LAPTOP-FSB7BTQ3" failures="0" tests="1" name="groupExicution.group1" time="33.800" errors="0" timestamp="2024-09-24T22:22:56 IST" skipped="0">
  <testcase classname="groupExicution.group1" name="smoke" time="33.800"/>
  <system-out/>
</testsuite> <!-- groupExicution.group1 -->
