<?xml version="1.0" encoding="UTF-8"?>
<!-- Generated by org.testng.reporters.JUnitReportReporter -->
<testsuite hostname="LAPTOP-FSB7BTQ3" failures="0" tests="1" name="assertionTestNg.AssertTrue" time="17.494" errors="0" timestamp="2024-05-06T13:04:47 IST" skipped="0">
  <testcase classname="assertionTestNg.AssertTrue" name="testcase" time="17.494"/>
  <system-out/>
</testsuite> <!-- assertionTestNg.AssertTrue -->
