<?xml version="1.0" encoding="UTF-8"?>
<!-- Generated by org.testng.reporters.JUnitReportReporter -->
<testsuite hostname="LAPTOP-FSB7BTQ3" failures="0" tests="1" name="groupExicution.group2" time="13.560" errors="0" timestamp="2024-09-24T22:22:56 IST" skipped="0">
  <testcase classname="groupExicution.group2" name="smoke1" time="13.560"/>
  <system-out/>
</testsuite> <!-- groupExicution.group2 -->
