<?xml version="1.0" encoding="UTF-8"?>
<!-- Generated by org.testng.reporters.JUnitReportReporter -->
<testsuite hostname="LAPTOP-FSB7BTQ3" failures="0" tests="2" name="testNgpractice.Test" time="29.467" errors="0" timestamp="2024-05-03T12:27:38 IST" skipped="0">
  <testcase classname="testNgpractice.Test" name="test1" time="11.375"/>
  <system-out/>
  <testcase classname="testNgpractice.Test" name="test" time="18.092"/>
  <system-out/>
</testsuite> <!-- testNgpractice.Test -->
