<?xml version="1.0" encoding="UTF-8"?>
<!-- Generated by org.testng.reporters.JUnitReportReporter -->
<testsuite hostname="LAPTOP-FSB7BTQ3" failures="0" tests="1" name="testNgpractice.annotation" time="0.021" errors="0" timestamp="2024-05-02T13:13:49 IST" skipped="0">
  <testcase classname="testNgpractice.annotation" name="testcase" time="0.021"/>
  <system-out>
    <![CDATA[testcase exicution]]>
  </system-out>
</testsuite> <!-- testNgpractice.annotation -->
