<?xml version="1.0" encoding="UTF-8"?>
<!-- Generated by org.testng.reporters.JUnitReportReporter -->
<testsuite hostname="LAPTOP-FSB7BTQ3" failures="0" tests="4" name="testNgpractice.invocationcount" time="77.682" errors="0" timestamp="2024-05-03T13:03:36 IST" skipped="0">
  <testcase classname="testNgpractice.invocationcount" name="flip" time="9.437"/>
  <system-out/>
  <testcase classname="testNgpractice.invocationcount" name="flip" time="11.087"/>
  <system-out/>
  <testcase classname="testNgpractice.invocationcount" name="flip" time="8.768"/>
  <system-out/>
  <testcase classname="testNgpractice.invocationcount" name="flip" time="48.390"/>
  <system-out/>
</testsuite> <!-- testNgpractice.invocationcount -->
